<?xml version="1.0" encoding="UTF-8"?>
<testsuite name="com.example.RestServiceDemoApplicationTests" tests="1" skipped="0" failures="0" errors="0" timestamp="2016-11-05T17:39:22" hostname="admin-PC" time="0.125">
  <properties/>
  <testcase name="contextLoads" classname="com.example.RestServiceDemoApplicationTests" time="0.125"/>
  <system-out><![CDATA[23:09:16.411 [Test worker] DEBUG org.springframework.test.context.junit4.SpringJUnit4ClassRunner - SpringJUnit4ClassRunner constructor called with [class com.example.RestServiceDemoApplicationTests]
23:09:16.454 [Test worker] DEBUG org.springframework.test.context.BootstrapUtils - Instantiating CacheAwareContextLoaderDelegate from class [org.springframework.test.context.cache.DefaultCacheAwareContextLoaderDelegate]
23:09:16.508 [Test worker] DEBUG org.springframework.test.context.BootstrapUtils - Instantiating BootstrapContext using constructor [public org.springframework.test.context.support.DefaultBootstrapContext(java.lang.Class,org.springframework.test.context.CacheAwareContextLoaderDelegate)]
23:09:16.550 [Test worker] DEBUG org.springframework.test.context.BootstrapUtils - Instantiating TestContextBootstrapper for test class [com.example.RestServiceDemoApplicationTests] from class [org.springframework.boot.test.context.SpringBootTestContextBootstrapper]
23:09:16.648 [Test worker] INFO org.springframework.boot.test.context.SpringBootTestContextBootstrapper - Neither @ContextConfiguration nor @ContextHierarchy found for test class [com.example.RestServiceDemoApplicationTests], using SpringBootContextLoader
23:09:16.654 [Test worker] DEBUG org.springframework.test.context.support.AbstractContextLoader - Did not detect default resource location for test class [com.example.RestServiceDemoApplicationTests]: class path resource [com/example/RestServiceDemoApplicationTests-context.xml] does not exist
23:09:16.656 [Test worker] DEBUG org.springframework.test.context.support.AbstractContextLoader - Did not detect default resource location for test class [com.example.RestServiceDemoApplicationTests]: class path resource [com/example/RestServiceDemoApplicationTestsContext.groovy] does not exist
23:09:16.656 [Test worker] INFO org.springframework.test.context.support.AbstractContextLoader - Could not detect default resource locations for test class [com.example.RestServiceDemoApplicationTests]: no resource found for suffixes {-context.xml, Context.groovy}.
23:09:16.658 [Test worker] INFO org.springframework.test.context.support.AnnotationConfigContextLoaderUtils - Could not detect default configuration classes for test class [com.example.RestServiceDemoApplicationTests]: RestServiceDemoApplicationTests does not declare any static, non-private, non-final, nested classes annotated with @Configuration.
23:09:16.812 [Test worker] DEBUG org.springframework.test.context.support.ActiveProfilesUtils - Could not find an 'annotation declaring class' for annotation type [org.springframework.test.context.ActiveProfiles] and class [com.example.RestServiceDemoApplicationTests]
23:09:16.981 [Test worker] DEBUG org.springframework.core.env.StandardEnvironment - Adding [systemProperties] PropertySource with lowest search precedence
23:09:16.982 [Test worker] DEBUG org.springframework.core.env.StandardEnvironment - Adding [systemEnvironment] PropertySource with lowest search precedence
23:09:16.983 [Test worker] DEBUG org.springframework.core.env.StandardEnvironment - Initialized StandardEnvironment with PropertySources [systemProperties,systemEnvironment]
23:09:17.008 [Test worker] DEBUG org.springframework.core.io.support.PathMatchingResourcePatternResolver - Resolved classpath location [com/example/] to resources [URL [file:/C:/Users/admin/workspace/webservices/RestServiceDemo/build/classes/test/com/example/], URL [file:/C:/Users/admin/workspace/webservices/RestServiceDemo/build/classes/main/com/example/]]
23:09:17.009 [Test worker] DEBUG org.springframework.core.io.support.PathMatchingResourcePatternResolver - Looking for matching resources in directory tree [C:\Users\admin\workspace\webservices\RestServiceDemo\build\classes\test\com\example]
23:09:17.010 [Test worker] DEBUG org.springframework.core.io.support.PathMatchingResourcePatternResolver - Searching directory [C:\Users\admin\workspace\webservices\RestServiceDemo\build\classes\test\com\example] for files matching pattern [C:/Users/admin/workspace/webservices/RestServiceDemo/build/classes/test/com/example/*.class]
23:09:17.018 [Test worker] DEBUG org.springframework.core.io.support.PathMatchingResourcePatternResolver - Looking for matching resources in directory tree [C:\Users\admin\workspace\webservices\RestServiceDemo\build\classes\main\com\example]
23:09:17.019 [Test worker] DEBUG org.springframework.core.io.support.PathMatchingResourcePatternResolver - Searching directory [C:\Users\admin\workspace\webservices\RestServiceDemo\build\classes\main\com\example] for files matching pattern [C:/Users/admin/workspace/webservices/RestServiceDemo/build/classes/main/com/example/*.class]
23:09:17.021 [Test worker] DEBUG org.springframework.core.io.support.PathMatchingResourcePatternResolver - Resolved location pattern [classpath*:com/example/*.class] to resources [file [C:\Users\admin\workspace\webservices\RestServiceDemo\build\classes\test\com\example\RestServiceDemoApplicationTests.class], file [C:\Users\admin\workspace\webservices\RestServiceDemo\build\classes\main\com\example\RestServiceDemoApplication.class], file [C:\Users\admin\workspace\webservices\RestServiceDemo\build\classes\main\com\example\Welcome.class]]
23:09:17.123 [Test worker] DEBUG org.springframework.context.annotation.ClassPathScanningCandidateComponentProvider - Identified candidate component class: file [C:\Users\admin\workspace\webservices\RestServiceDemo\build\classes\main\com\example\RestServiceDemoApplication.class]
23:09:17.139 [Test worker] INFO org.springframework.boot.test.context.SpringBootTestContextBootstrapper - Found @SpringBootConfiguration com.example.RestServiceDemoApplication for test class com.example.RestServiceDemoApplicationTests
23:09:17.145 [Test worker] DEBUG org.springframework.boot.test.context.SpringBootTestContextBootstrapper - @TestExecutionListeners is not present for class [com.example.RestServiceDemoApplicationTests]: using defaults.
23:09:17.154 [Test worker] INFO org.springframework.boot.test.context.SpringBootTestContextBootstrapper - Loaded default TestExecutionListener class names from location [META-INF/spring.factories]: [org.springframework.boot.test.mock.mockito.MockitoTestExecutionListener, org.springframework.boot.test.mock.mockito.ResetMocksTestExecutionListener, org.springframework.boot.test.autoconfigure.restdocs.RestDocsTestExecutionListener, org.springframework.boot.test.autoconfigure.web.client.MockRestServiceServerResetTestExecutionListener, org.springframework.boot.test.autoconfigure.web.servlet.MockMvcPrintOnlyOnFailureTestExecutionListener, org.springframework.boot.test.autoconfigure.web.servlet.WebDriverTestExecutionListener, org.springframework.test.context.web.ServletTestExecutionListener, org.springframework.test.context.support.DirtiesContextBeforeModesTestExecutionListener, org.springframework.test.context.support.DependencyInjectionTestExecutionListener, org.springframework.test.context.support.DirtiesContextTestExecutionListener, org.springframework.test.context.transaction.TransactionalTestExecutionListener, org.springframework.test.context.jdbc.SqlScriptsTestExecutionListener]
23:09:17.230 [Test worker] INFO org.springframework.boot.test.context.SpringBootTestContextBootstrapper - Could not instantiate TestExecutionListener [org.springframework.test.context.jdbc.SqlScriptsTestExecutionListener]. Specify custom listener classes or make the default listener classes (and their required dependencies) available. Offending class: [org/springframework/transaction/interceptor/TransactionAttribute]
23:09:17.237 [Test worker] INFO org.springframework.boot.test.context.SpringBootTestContextBootstrapper - Could not instantiate TestExecutionListener [org.springframework.test.context.transaction.TransactionalTestExecutionListener]. Specify custom listener classes or make the default listener classes (and their required dependencies) available. Offending class: [org/springframework/transaction/interceptor/TransactionAttributeSource]
23:09:17.238 [Test worker] INFO org.springframework.boot.test.context.SpringBootTestContextBootstrapper - Using TestExecutionListeners: [org.springframework.test.context.web.ServletTestExecutionListener@42823e99, org.springframework.test.context.support.DirtiesContextBeforeModesTestExecutionListener@1c3420be, org.springframework.boot.test.autoconfigure.SpringBootDependencyInjectionTestExecutionListener@2e163381, org.springframework.test.context.support.DirtiesContextTestExecutionListener@1beaf9e7, org.springframework.boot.test.autoconfigure.web.client.MockRestServiceServerResetTestExecutionListener@48cf7af5, org.springframework.boot.test.mock.mockito.ResetMocksTestExecutionListener@75439282, org.springframework.boot.test.mock.mockito.MockitoTestExecutionListener@6ad63d90, org.springframework.boot.test.autoconfigure.restdocs.RestDocsTestExecutionListener@26bfc4ec, org.springframework.boot.test.autoconfigure.web.servlet.MockMvcPrintOnlyOnFailureTestExecutionListener@15941a1c, org.springframework.boot.test.autoconfigure.web.servlet.WebDriverTestExecutionListener@7caa5dae]
23:09:17.259 [Test worker] DEBUG org.springframework.test.annotation.ProfileValueUtils - Retrieved @ProfileValueSourceConfiguration [null] for test class [com.example.RestServiceDemoApplicationTests]
23:09:17.260 [Test worker] DEBUG org.springframework.test.annotation.ProfileValueUtils - Retrieved ProfileValueSource type [class org.springframework.test.annotation.SystemProfileValueSource] for class [com.example.RestServiceDemoApplicationTests]
23:09:17.275 [Test worker] DEBUG org.springframework.test.annotation.ProfileValueUtils - Retrieved @ProfileValueSourceConfiguration [null] for test class [com.example.RestServiceDemoApplicationTests]
23:09:17.276 [Test worker] DEBUG org.springframework.test.annotation.ProfileValueUtils - Retrieved ProfileValueSource type [class org.springframework.test.annotation.SystemProfileValueSource] for class [com.example.RestServiceDemoApplicationTests]
23:09:17.306 [Test worker] DEBUG org.springframework.test.context.support.AbstractDirtiesContextTestExecutionListener - Before test class: context [DefaultTestContext@6b67a780 testClass = RestServiceDemoApplicationTests, testInstance = [null], testMethod = [null], testException = [null], mergedContextConfiguration = [WebMergedContextConfiguration@22805a02 testClass = RestServiceDemoApplicationTests, locations = '{}', classes = '{class com.example.RestServiceDemoApplication}', contextInitializerClasses = '[]', activeProfiles = '{}', propertySourceLocations = '{}', propertySourceProperties = '{org.springframework.boot.test.context.SpringBootTestContextBootstrapper=true}', contextCustomizers = set[org.springframework.boot.test.context.SpringBootTestContextCustomizer@312a474d, org.springframework.boot.test.context.filter.ExcludeFilterContextCustomizer@1e6616e3, org.springframework.boot.test.mock.mockito.MockitoContextCustomizer@0, org.springframework.boot.test.autoconfigure.properties.PropertyMappingContextCustomizer@0, org.springframework.boot.test.autoconfigure.web.servlet.WebDriverContextCustomizerFactory$Customizer@6a3c7764], resourceBasePath = 'src/main/webapp', contextLoader = 'org.springframework.boot.test.context.SpringBootContextLoader', parent = [null]]], class annotated with @DirtiesContext [false] with mode [null].
23:09:17.308 [Test worker] DEBUG org.springframework.test.annotation.ProfileValueUtils - Retrieved @ProfileValueSourceConfiguration [null] for test class [com.example.RestServiceDemoApplicationTests]
23:09:17.309 [Test worker] DEBUG org.springframework.test.annotation.ProfileValueUtils - Retrieved ProfileValueSource type [class org.springframework.test.annotation.SystemProfileValueSource] for class [com.example.RestServiceDemoApplicationTests]
23:09:17.374 [Test worker] DEBUG org.springframework.core.env.StandardEnvironment - Adding [systemProperties] PropertySource with lowest search precedence
23:09:17.374 [Test worker] DEBUG org.springframework.core.env.StandardEnvironment - Adding [systemEnvironment] PropertySource with lowest search precedence
23:09:17.374 [Test worker] DEBUG org.springframework.core.env.StandardEnvironment - Initialized StandardEnvironment with PropertySources [systemProperties,systemEnvironment]
23:09:17.377 [Test worker] DEBUG org.springframework.test.context.support.TestPropertySourceUtils - Adding inlined properties to environment: {spring.jmx.enabled=false, org.springframework.boot.test.context.SpringBootTestContextBootstrapper=true, server.port=-1}
23:09:17.378 [Test worker] DEBUG org.springframework.core.env.StandardEnvironment - Adding [Inlined Test Properties] PropertySource with highest search precedence

  .   ____          _            __ _ _
 /\\ / ___'_ __ _ _(_)_ __  __ _ \ \ \ \
( ( )\___ | '_ | '_| | '_ \/ _` | \ \ \ \
 \\/  ___)| |_)| | | | | || (_| |  ) ) ) )
  '  |____| .__|_| |_|_| |_\__, | / / / /
 =========|_|==============|___/=/_/_/_/
 :: Spring Boot ::        (v1.4.1.RELEASE)

2016-11-05 23:09:18.437  INFO 3272 --- [    Test worker] c.e.RestServiceDemoApplicationTests      : Starting RestServiceDemoApplicationTests on admin-PC with PID 3272 (started by admin in C:\Users\admin\workspace\webservices\RestServiceDemo)
2016-11-05 23:09:18.438  INFO 3272 --- [    Test worker] c.e.RestServiceDemoApplicationTests      : No active profile set, falling back to default profiles: default
2016-11-05 23:09:18.507  INFO 3272 --- [    Test worker] o.s.w.c.s.GenericWebApplicationContext   : Refreshing org.springframework.web.context.support.GenericWebApplicationContext@616c1e0e: startup date [Sat Nov 05 23:09:18 IST 2016]; root of context hierarchy
2016-11-05 23:09:22.077  INFO 3272 --- [    Test worker] s.w.s.m.m.a.RequestMappingHandlerAdapter : Looking for @ControllerAdvice: org.springframework.web.context.support.GenericWebApplicationContext@616c1e0e: startup date [Sat Nov 05 23:09:18 IST 2016]; root of context hierarchy
2016-11-05 23:09:22.196  INFO 3272 --- [    Test worker] s.w.s.m.m.a.RequestMappingHandlerMapping : Mapped "{[/welcome]}" onto public java.lang.String com.example.Welcome.welcome()
2016-11-05 23:09:22.202  INFO 3272 --- [    Test worker] s.w.s.m.m.a.RequestMappingHandlerMapping : Mapped "{[/error]}" onto public org.springframework.http.ResponseEntity<java.util.Map<java.lang.String, java.lang.Object>> org.springframework.boot.autoconfigure.web.BasicErrorController.error(javax.servlet.http.HttpServletRequest)
2016-11-05 23:09:22.202  INFO 3272 --- [    Test worker] s.w.s.m.m.a.RequestMappingHandlerMapping : Mapped "{[/error],produces=[text/html]}" onto public org.springframework.web.servlet.ModelAndView org.springframework.boot.autoconfigure.web.BasicErrorController.errorHtml(javax.servlet.http.HttpServletRequest,javax.servlet.http.HttpServletResponse)
2016-11-05 23:09:22.260  INFO 3272 --- [    Test worker] o.s.w.s.handler.SimpleUrlHandlerMapping  : Mapped URL path [/webjars/**] onto handler of type [class org.springframework.web.servlet.resource.ResourceHttpRequestHandler]
2016-11-05 23:09:22.260  INFO 3272 --- [    Test worker] o.s.w.s.handler.SimpleUrlHandlerMapping  : Mapped URL path [/**] onto handler of type [class org.springframework.web.servlet.resource.ResourceHttpRequestHandler]
2016-11-05 23:09:22.333  INFO 3272 --- [    Test worker] o.s.w.s.handler.SimpleUrlHandlerMapping  : Mapped URL path [/**/favicon.ico] onto handler of type [class org.springframework.web.servlet.resource.ResourceHttpRequestHandler]
2016-11-05 23:09:22.743  INFO 3272 --- [    Test worker] c.e.RestServiceDemoApplicationTests      : Started RestServiceDemoApplicationTests in 5.313 seconds (JVM running for 8.322)
]]></system-out>
  <system-err><![CDATA[]]></system-err>
</testsuite>
